<!DOCTYPE html PUBLIC "-//W3C//DTD XHTML 1.1//EN" "http://www.w3.org/TR/xhtml11/DTD/xhtml11.dtd">
<html xmlns="http://www.w3.org/1999/xhtml"><head><title>TestNG Report</title><style type="text/css">table {margin-bottom:10px;border-collapse:collapse;empty-cells:show}th,td {border:1px solid #009;padding:.25em .5em}th {vertical-align:bottom}td {vertical-align:top}table a {font-weight:bold}.stripe td {background-color: #E6EBF9}.num {text-align:right}.passedodd td {background-color: #3F3}.passedeven td {background-color: #0A0}.skippedodd td {background-color: #DDD}.skippedeven td {background-color: #CCC}.failedodd td,.attn {background-color: #F33}.failedeven td,.stripe .attn {background-color: #D00}.stacktrace {white-space:pre;font-family:monospace}.totop {font-size:85%;text-align:center;border-bottom:2px solid #000}</style></head><body><table><tr><th>Test</th><th># Passed</th><th># Skipped</th><th># Failed</th><th>Time (ms)</th><th>Included Groups</th><th>Excluded Groups</th></tr><tr><th colspan="7">Regression Suit From Excel File</th></tr><tr><td><a href="#t0">Regression</a></td><td class="num">3</td><td class="num attn">1</td><td class="num attn">1</td><td class="num">393,618</td><td></td><td></td></tr></table><table id='summary'><thead><tr><th>Class</th><th>Method</th><th>Start</th><th>Time (ms)</th></tr></thead><tbody><tr><th colspan="4">Regression Suit From Excel File</th></tr></tbody><tbody id="t0"><tr><th colspan="4">Regression &#8212; failed</th></tr><tr class="failedeven"><td rowspan="1">testscripts.TC001_TestLoginThroughDataProvider</td><td><a href="#m0">TestLoginWithDataProvider</a></td><td rowspan="1">1511753937525</td><td rowspan="1">3</td></tr><tr><th colspan="4">Regression &#8212; skipped</th></tr><tr class="skippedeven"><td rowspan="1">testscripts.TC001_TestLoginThroughDataProvider</td><td><a href="#m1">TestLoginWithDataProvider</a></td><td rowspan="1">1511753886127</td><td rowspan="1">0</td></tr><tr><th colspan="4">Regression &#8212; passed</th></tr><tr class="passedeven"><td rowspan="3">testscripts.TC001_TestLoginThroughDataProvider</td><td><a href="#m2">TestLoginWithDataProvider</a></td><td rowspan="3">1511753812202</td><td rowspan="3">34043</td></tr><tr class="passedeven"><td><a href="#m3">TestLoginWithDataProvider</a></td></tr><tr class="passedeven"><td><a href="#m4">TestLoginWithDataProvider</a></td></tr></tbody></table><h2>Regression</h2><h3 id="m0">testscripts.TC001_TestLoginThroughDataProvider#TestLoginWithDataProvider</h3><table class="result"><tr class="param"><th>Parameter #1</th><th>Parameter #2</th><th>Parameter #3</th><th>Parameter #4</th></tr><tr class="param stripe"><td>TC004</td><td>admin123456@gmail.com</td><td>admin123</td><td>L</td></tr><tr><th colspan="4">Messages</th></tr><tr><td colspan="4"><div class="messages">Test started running:TestLoginWithDataProvider at:16<br/><a href=C:\Users\Sharif\development\PageObjectModelSeleniumFrameWork\src\test\java\screenshots\11-26-2017_22-57-TestLoginWithDataProvider.png><img src=C:\Users\Sharif\development\PageObjectModelSeleniumFrameWork\src\test\java\screenshots\11-26-2017_22-57-TestLoginWithDataProvider.png" alt=""height='100' width='100'/></a><br /></div></td></tr><tr><th colspan="4">Exception</th></tr><tr><td colspan="4"><div class="stacktrace">java.lang.AssertionError: Test is failed expected [true] but found [false]
	at testscripts.TC001_TestLoginThroughDataProvider.TestLoginWithDataProvider(TC001_TestLoginThroughDataProvider.java:52)
... Removed 31 stack frames</div></td></tr></table><p class="totop"><a href="#summary">back to summary</a></p><h3 id="m1">testscripts.TC001_TestLoginThroughDataProvider#TestLoginWithDataProvider</h3><table class="result"><tr class="param"><th>Parameter #1</th><th>Parameter #2</th><th>Parameter #3</th><th>Parameter #4</th></tr><tr class="param stripe"><td>TC003</td><td>admin123456@gmail.com</td><td>admin123</td><td>N</td></tr><tr><th colspan="4">Messages</th></tr><tr><td colspan="4"><div class="messages">Test started running:TestLoginWithDataProvider at:16</div></td></tr><tr><th colspan="4">Exception</th></tr><tr><td colspan="4"><div class="stacktrace">org.testng.SkipException: Skipping the test
	at testscripts.TC001_TestLoginThroughDataProvider.TestLoginWithDataProvider(TC001_TestLoginThroughDataProvider.java:50)
... Removed 28 stack frames</div></td></tr></table><p class="totop"><a href="#summary">back to summary</a></p><h3 id="m2">testscripts.TC001_TestLoginThroughDataProvider#TestLoginWithDataProvider</h3><table class="result"><tr class="param"><th>Parameter #1</th><th>Parameter #2</th><th>Parameter #3</th><th>Parameter #4</th></tr><tr class="param stripe"><td>TC002</td><td>admin123456@gmail.com</td><td>admin123</td><td>Y</td></tr><tr><th colspan="4">Messages</th></tr><tr><td colspan="4"><div class="messages">Test started running:TestLoginWithDataProvider at:16</div></td></tr></table><p class="totop"><a href="#summary">back to summary</a></p><h3 id="m3">testscripts.TC001_TestLoginThroughDataProvider#TestLoginWithDataProvider</h3><table class="result"><tr class="param"><th>Parameter #1</th><th>Parameter #2</th><th>Parameter #3</th><th>Parameter #4</th></tr><tr class="param stripe"><td>TC001</td><td>admin123456@gmail.com</td><td>admin123</td><td>Y</td></tr><tr><th colspan="4">Messages</th></tr><tr><td colspan="4"><div class="messages">Test started running:TestLoginWithDataProvider at:16</div></td></tr></table><p class="totop"><a href="#summary">back to summary</a></p><h3 id="m4">testscripts.TC001_TestLoginThroughDataProvider#TestLoginWithDataProvider</h3><table class="result"><tr class="param"><th>Parameter #1</th><th>Parameter #2</th><th>Parameter #3</th><th>Parameter #4</th></tr><tr class="param stripe"><td>TC005</td><td>admin123456@gmail.com</td><td>admin123</td><td>Y</td></tr><tr><th colspan="4">Messages</th></tr><tr><td colspan="4"><div class="messages">Test started running:TestLoginWithDataProvider at:16</div></td></tr></table><p class="totop"><a href="#summary">back to summary</a></p></body></html>